<?xml version="1.0" encoding="UTF-8"?>
<testng-results ignored="0" total="1" passed="0" failed="1" skipped="0">
  <reporter-output>
    <line>
      <![CDATA[Getting the System Operating System ]]>
    </line>
    <line>
      <![CDATA[The operating system is :mac os x]]>
    </line>
    <line>
      <![CDATA[This MAC browser is :Chrome]]>
    </line>
    <line>
      <![CDATA[Waiting for the page to load]]>
    </line>
    <line>
      <![CDATA[Launching the Web Application]]>
    </line>
    <line>
      <![CDATA[The title of the application is ====>Current Temperature]]>
    </line>
    <line>
      <![CDATA[Getting the temperature string value from the application]]>
    </line>
    <line>
      <![CDATA[converted Temp value to int is ===>35]]>
    </line>
    <line>
      <![CDATA[The temperature is above 34 and we are going to shop for Suncreens]]>
    </line>
    <line>
      <![CDATA[Waiting for the page to load]]>
    </line>
    <line>
      <![CDATA[Low Product Price which contains SPF-50 is: 222 with Product name : Akiba Amazing SPF-50]]>
    </line>
    <line>
      <![CDATA[Low Product Price which contains SPF-30 is: 116 with Product name : Vassily Brilliant SPF-30]]>
    </line>
    <line>
      <![CDATA[Waiting for the page to load]]>
    </line>
    <line>
      <![CDATA[The total number of products added to cart is :2]]>
    </line>
    <line>
      <![CDATA[The total cost of the Products is :338]]>
    </line>
    <line>
      <![CDATA[Waiting for the page to load]]>
    </line>
    <line>
      <![CDATA[click the PaywithCard button after addding th eproducts to CART ]]>
    </line>
    <line>
      <![CDATA[Switch to Stripe pop up frame]]>
    </line>
    <line>
      <![CDATA[Entering the email ID]]>
    </line>
    <line>
      <![CDATA[Entering the Card Niumber ]]>
    </line>
    <line>
      <![CDATA[Getting the Local date from the System and format to string with 1 year ahead]]>
    </line>
    <line>
      <![CDATA[Enetring Expiry Date]]>
    </line>
    <line>
      <![CDATA[Enetring CVV]]>
    </line>
    <line>
      <![CDATA[Enetring ZIP Code]]>
    </line>
    <line>
      <![CDATA[Click Payment]]>
    </line>
    <line>
      <![CDATA[Waiting for the page to load]]>
    </line>
    <line>
      <![CDATA[Validating Payment]]>
    </line>
    <line>
      <![CDATA[The payemnt attributeCheckout]]>
    </line>
    <line>
      <![CDATA[Payment Failed ]]>
    </line>
    <line>
      <![CDATA[Closing the Browser]]>
    </line>
  </reporter-output>
  <suite started-at="2022-01-24T21:54:00 CST" name="TestSuite" finished-at="2022-01-24T21:54:13 CST" duration-ms="12419">
    <groups>
    </groups>
    <test started-at="2022-01-24T21:54:00 CST" name="ChromeTest" finished-at="2022-01-24T21:54:13 CST" duration-ms="12419">
      <class name="weathershopper.SeleniumTest">
        <test-method is-config="true" signature="initiateBrowser(java.lang.String)[pri:0, instance:weathershopper.SeleniumTest@769f71a9]" started-at="2022-01-24T21:54:00 CST" name="initiateBrowser" finished-at="2022-01-24T21:54:02 CST" duration-ms="1883" status="PASS">
          <params>
            <param index="0">
              <value>
                <![CDATA[Chrome]]>
              </value>
            </param>
          </params>
          <reporter-output>
            <line>
              <![CDATA[Getting the System Operating System ]]>
            </line>
            <line>
              <![CDATA[The operating system is :mac os x]]>
            </line>
            <line>
              <![CDATA[This MAC browser is :Chrome]]>
            </line>
            <line>
              <![CDATA[Waiting for the page to load]]>
            </line>
          </reporter-output>
        </test-method> <!-- initiateBrowser -->
        <test-method signature="WeatherShopperEndToEndAutomation()[pri:0, instance:weathershopper.SeleniumTest@769f71a9]" started-at="2022-01-24T21:54:02 CST" name="WeatherShopperEndToEndAutomation" finished-at="2022-01-24T21:54:12 CST" duration-ms="10248" status="FAIL">
          <exception class="java.lang.AssertionError">
            <message>
              <![CDATA[The Payment Failed expected [true] but found [false]]]>
            </message>
            <full-stacktrace>
              <![CDATA[java.lang.AssertionError: The Payment Failed expected [true] but found [false]
at org.testng.Assert.fail(Assert.java:99)
at org.testng.Assert.failNotEquals(Assert.java:1037)
at org.testng.Assert.assertTrue(Assert.java:45)
at weathershopper.SeleniumTest.WeatherShopperEndToEndAutomation(SeleniumTest.java:159)
at java.base/jdk.internal.reflect.NativeMethodAccessorImpl.invoke0(Native Method)
at java.base/jdk.internal.reflect.NativeMethodAccessorImpl.invoke(NativeMethodAccessorImpl.java:64)
at java.base/jdk.internal.reflect.DelegatingMethodAccessorImpl.invoke(DelegatingMethodAccessorImpl.java:43)
at java.base/java.lang.reflect.Method.invoke(Method.java:564)
at org.testng.internal.MethodInvocationHelper.invokeMethod(MethodInvocationHelper.java:133)
at org.testng.internal.TestInvoker.invokeMethod(TestInvoker.java:598)
at org.testng.internal.TestInvoker.invokeTestMethod(TestInvoker.java:173)
at org.testng.internal.MethodRunner.runInSequence(MethodRunner.java:46)
at org.testng.internal.TestInvoker$MethodInvocationAgent.invoke(TestInvoker.java:824)
at org.testng.internal.TestInvoker.invokeTestMethods(TestInvoker.java:146)
at org.testng.internal.TestMethodWorker.invokeTestMethods(TestMethodWorker.java:146)
at org.testng.internal.TestMethodWorker.run(TestMethodWorker.java:128)
at java.base/java.util.ArrayList.forEach(ArrayList.java:1511)
at org.testng.TestRunner.privateRun(TestRunner.java:794)
at org.testng.TestRunner.run(TestRunner.java:596)
at org.testng.SuiteRunner.runTest(SuiteRunner.java:377)
at org.testng.SuiteRunner.runSequentially(SuiteRunner.java:371)
at org.testng.SuiteRunner.privateRun(SuiteRunner.java:332)
at org.testng.SuiteRunner.run(SuiteRunner.java:276)
at org.testng.SuiteRunnerWorker.runSuite(SuiteRunnerWorker.java:53)
at org.testng.SuiteRunnerWorker.run(SuiteRunnerWorker.java:96)
at org.testng.TestNG.runSuitesSequentially(TestNG.java:1212)
at org.testng.TestNG.runSuitesLocally(TestNG.java:1134)
at org.testng.TestNG.runSuites(TestNG.java:1063)
at org.testng.TestNG.run(TestNG.java:1031)
at org.testng.remote.AbstractRemoteTestNG.run(AbstractRemoteTestNG.java:115)
at org.testng.remote.RemoteTestNG.initAndRun(RemoteTestNG.java:251)
at org.testng.remote.RemoteTestNG.main(RemoteTestNG.java:77)
]]>
            </full-stacktrace>
          </exception> <!-- java.lang.AssertionError -->
          <reporter-output>
            <line>
              <![CDATA[Launching the Web Application]]>
            </line>
            <line>
              <![CDATA[The title of the application is ====>Current Temperature]]>
            </line>
            <line>
              <![CDATA[Getting the temperature string value from the application]]>
            </line>
            <line>
              <![CDATA[converted Temp value to int is ===>35]]>
            </line>
            <line>
              <![CDATA[The temperature is above 34 and we are going to shop for Suncreens]]>
            </line>
            <line>
              <![CDATA[Waiting for the page to load]]>
            </line>
            <line>
              <![CDATA[Low Product Price which contains SPF-50 is: 222 with Product name : Akiba Amazing SPF-50]]>
            </line>
            <line>
              <![CDATA[Low Product Price which contains SPF-30 is: 116 with Product name : Vassily Brilliant SPF-30]]>
            </line>
            <line>
              <![CDATA[Waiting for the page to load]]>
            </line>
            <line>
              <![CDATA[The total number of products added to cart is :2]]>
            </line>
            <line>
              <![CDATA[The total cost of the Products is :338]]>
            </line>
            <line>
              <![CDATA[Waiting for the page to load]]>
            </line>
            <line>
              <![CDATA[click the PaywithCard button after addding th eproducts to CART ]]>
            </line>
            <line>
              <![CDATA[Switch to Stripe pop up frame]]>
            </line>
            <line>
              <![CDATA[Entering the email ID]]>
            </line>
            <line>
              <![CDATA[Entering the Card Niumber ]]>
            </line>
            <line>
              <![CDATA[Getting the Local date from the System and format to string with 1 year ahead]]>
            </line>
            <line>
              <![CDATA[Enetring Expiry Date]]>
            </line>
            <line>
              <![CDATA[Enetring CVV]]>
            </line>
            <line>
              <![CDATA[Enetring ZIP Code]]>
            </line>
            <line>
              <![CDATA[Click Payment]]>
            </line>
            <line>
              <![CDATA[Waiting for the page to load]]>
            </line>
            <line>
              <![CDATA[Validating Payment]]>
            </line>
            <line>
              <![CDATA[The payemnt attributeCheckout]]>
            </line>
            <line>
              <![CDATA[Payment Failed ]]>
            </line>
          </reporter-output>
        </test-method> <!-- WeatherShopperEndToEndAutomation -->
        <test-method is-config="true" signature="teardown()[pri:0, instance:weathershopper.SeleniumTest@769f71a9]" started-at="2022-01-24T21:54:12 CST" name="teardown" finished-at="2022-01-24T21:54:13 CST" duration-ms="253" status="PASS">
          <reporter-output>
            <line>
              <![CDATA[Closing the Browser]]>
            </line>
          </reporter-output>
        </test-method> <!-- teardown -->
      </class> <!-- weathershopper.SeleniumTest -->
    </test> <!-- ChromeTest -->
  </suite> <!-- TestSuite -->
</testng-results>
