<?xml version="1.0" encoding="UTF-8"?>
<!-- Generated by org.testng.reporters.JUnitReportReporter -->
<testsuite hostname="pranays-MacBook-Pro.local" failures="1" tests="1" name="weathershopper.SeleniumTest" time="12.384" errors="0" timestamp="2022-01-24T21:54:13 CST" skipped="0">
  <testcase classname="weathershopper.SeleniumTest" name="WeatherShopperEndToEndAutomation" time="12.384">
    <failure message="The Payment Failed expected [true] but found [false]" type="java.lang.AssertionError">
      <![CDATA[java.lang.AssertionError: The Payment Failed expected [true] but found [false]
at org.testng.Assert.fail(Assert.java:99)
at org.testng.Assert.failNotEquals(Assert.java:1037)
at org.testng.Assert.assertTrue(Assert.java:45)
at weathershopper.SeleniumTest.WeatherShopperEndToEndAutomation(SeleniumTest.java:159)
at java.base/jdk.internal.reflect.NativeMethodAccessorImpl.invoke0(Native Method)
at java.base/jdk.internal.reflect.NativeMethodAccessorImpl.invoke(NativeMethodAccessorImpl.java:64)
at java.base/jdk.internal.reflect.DelegatingMethodAccessorImpl.invoke(DelegatingMethodAccessorImpl.java:43)
at java.base/java.lang.reflect.Method.invoke(Method.java:564)
at org.testng.internal.MethodInvocationHelper.invokeMethod(MethodInvocationHelper.java:133)
at org.testng.internal.TestInvoker.invokeMethod(TestInvoker.java:598)
at org.testng.internal.TestInvoker.invokeTestMethod(TestInvoker.java:173)
at org.testng.internal.MethodRunner.runInSequence(MethodRunner.java:46)
at org.testng.internal.TestInvoker$MethodInvocationAgent.invoke(TestInvoker.java:824)
at org.testng.internal.TestInvoker.invokeTestMethods(TestInvoker.java:146)
at org.testng.internal.TestMethodWorker.invokeTestMethods(TestMethodWorker.java:146)
at org.testng.internal.TestMethodWorker.run(TestMethodWorker.java:128)
at java.base/java.util.ArrayList.forEach(ArrayList.java:1511)
at org.testng.TestRunner.privateRun(TestRunner.java:794)
at org.testng.TestRunner.run(TestRunner.java:596)
at org.testng.SuiteRunner.runTest(SuiteRunner.java:377)
at org.testng.SuiteRunner.runSequentially(SuiteRunner.java:371)
at org.testng.SuiteRunner.privateRun(SuiteRunner.java:332)
at org.testng.SuiteRunner.run(SuiteRunner.java:276)
at org.testng.SuiteRunnerWorker.runSuite(SuiteRunnerWorker.java:53)
at org.testng.SuiteRunnerWorker.run(SuiteRunnerWorker.java:96)
at org.testng.TestNG.runSuitesSequentially(TestNG.java:1212)
at org.testng.TestNG.runSuitesLocally(TestNG.java:1134)
at org.testng.TestNG.runSuites(TestNG.java:1063)
at org.testng.TestNG.run(TestNG.java:1031)
at org.testng.remote.AbstractRemoteTestNG.run(AbstractRemoteTestNG.java:115)
at org.testng.remote.RemoteTestNG.initAndRun(RemoteTestNG.java:251)
at org.testng.remote.RemoteTestNG.main(RemoteTestNG.java:77)
]]>
    </failure>
  </testcase> <!-- WeatherShopperEndToEndAutomation -->
  <system-out>
    <![CDATA[Launching the Web Application
The title of the application is ====>Current Temperature
Getting the temperature string value from the application
converted Temp value to int is ===>35
The temperature is above 34 and we are going to shop for Suncreens
Waiting for the page to load
Low Product Price which contains SPF-50 is: 222 with Product name : Akiba Amazing SPF-50
Low Product Price which contains SPF-30 is: 116 with Product name : Vassily Brilliant SPF-30
Waiting for the page to load
The total number of products added to cart is :2
The total cost of the Products is :338
Waiting for the page to load
click the PaywithCard button after addding th eproducts to CART 
Switch to Stripe pop up frame
Entering the email ID
Entering the Card Niumber 
Getting the Local date from the System and format to string with 1 year ahead
Enetring Expiry Date
Enetring CVV
Enetring ZIP Code
Click Payment
Waiting for the page to load
Validating Payment
The payemnt attributeCheckout
Payment Failed ]]>
  </system-out>
</testsuite> <!-- weathershopper.SeleniumTest -->
