<?xml version="1.0" encoding="UTF-8"?>
<!-- Generated by org.testng.reporters.JUnitXMLReporter -->
<testsuite ignored="0" hostname="pranays-MacBook-Pro.local" failures="1" tests="1" name="ChromeTest" time="12.419" errors="0" timestamp="2022-01-24T21:54:13 CST">
  <testcase classname="weathershopper.SeleniumTest" name="WeatherShopperEndToEndAutomation" time="10.248">
    <failure type="java.lang.AssertionError" message="The Payment Failed expected [true] but found [false]">
      <![CDATA[java.lang.AssertionError: The Payment Failed expected [true] but found [false]
at weathershopper.SeleniumTest.WeatherShopperEndToEndAutomation(SeleniumTest.java:159)
at java.base/java.util.ArrayList.forEach(ArrayList.java:1511)
... Removed 30 stack frames]]>
    </failure>
  </testcase> <!-- WeatherShopperEndToEndAutomation -->
</testsuite> <!-- ChromeTest -->
